2019-12-05 13:08:21.5944 INFO --------------------------------------------------
2019-12-05 13:08:21.6283 INFO Start without args
2019-12-05 13:09:24.0213 INFO --------------------------------------------------
2019-12-05 13:09:24.0541 INFO Start without args
2019-12-05 13:15:44.1813 INFO --------------------------------------------------
2019-12-05 13:15:44.2113 INFO Start without args
2019-12-05 13:17:34.7745 INFO --------------------------------------------------
2019-12-05 13:17:34.8054 INFO Start without args
2019-12-05 13:17:38.2289 ERROR «начение было недопустимо малым или недопустимо большим дл€ Int32. input Height = 10000000000000000000000000
2019-12-05 13:19:20.1757 INFO --------------------------------------------------
2019-12-05 13:19:20.2046 INFO Start without args
2019-12-05 13:19:24.2609 ERROR «начение было недопустимо малым или недопустимо большим дл€ Int32. input Height = 100000000000000000
2019-12-05 13:19:29.9820 ERROR ¬ходна€ строка имела неверный формат. input Height = dasdasd
2019-12-05 13:19:31.6380 ERROR User input negative value Height = -100
2019-12-05 13:19:51.6817 ERROR User input negative value Width = 0
2019-12-05 13:19:55.2448 ERROR User input negative value Width = 0
2019-12-05 13:20:00.0817 ERROR ¬ходна€ строка имела неверный формат. input Width = 0.1
2019-12-05 13:20:21.0269 INFO --------------------------------------------------
2019-12-05 13:20:21.0588 INFO Start without args
2019-12-05 13:20:23.0409 ERROR User input negative value Height = 0
2019-12-05 13:20:38.9854 INFO --------------------------------------------------
2019-12-05 13:20:39.0203 INFO Start without args
2019-12-05 13:20:43.3830 ERROR User input negative value Height = 0
2019-12-05 13:21:01.8625 INFO --------------------------------------------------
2019-12-05 13:21:01.8924 INFO Start without args
2019-12-05 13:21:05.7709 ERROR ¬ходна€ строка имела неверный формат. input Height = aadsa
2019-12-05 13:21:12.7368 ERROR User input negative value Height = 0
2019-12-05 13:21:16.4831 ERROR ¬ходна€ строка имела неверный формат. input Height = 0,1
2019-12-05 13:21:23.8168 ERROR ¬ходна€ строка имела неверный формат. input Height = 0,9999
2019-12-05 13:21:39.4365 INFO --------------------------------------------------
2019-12-05 13:21:39.4634 INFO Start without args
2019-12-05 13:21:41.4439 TRACE Try to build ChessBoard From Args Height = (1); Width = (1)
2019-12-05 13:21:41.4439 TRACE Builded
2019-12-05 13:21:46.2885 TRACE Try to build ChessBoard From Args Height = (10); Width = (1)
2019-12-05 13:21:46.2885 TRACE Builded
