2019-12-03 12:20:06.6535 INFO --------------------------------------------------
2019-12-03 12:20:06.6827 TRACE Default in UserMenu userMode input = ()
2019-12-03 12:20:09.8937 TRACE User enter Height = 10
2019-12-03 12:20:10.3485 TRACE User enter Width = 10
2019-12-03 12:20:10.3485 TRACE Try to build ChessBoard From Args Height = (10); Width = (10)
2019-12-03 12:20:10.3686 TRACE Builded
2019-12-03 12:20:17.8781 TRACE User set new design for (Set the design for white cells and press enter) - O
2019-12-03 12:20:19.3865 TRACE User set new design for (Set the design for black cells and press enter) - K
2019-12-03 12:20:20.8856 TRACE Default in UserMenu userMode input = ()
2019-12-03 12:20:24.0750 TRACE User enter Height = 10
2019-12-03 12:20:24.5402 TRACE User enter Width = 10
2019-12-03 12:20:24.5402 TRACE Try to build ChessBoard From Args Height = (10); Width = (10)
2019-12-03 12:20:24.5547 TRACE Builded
2019-12-03 14:08:51.8868 INFO --------------------------------------------------
2019-12-03 14:08:51.9336 TRACE Default in UserMenu userMode input = ()
2019-12-03 14:21:52.4143 INFO --------------------------------------------------
2019-12-03 14:21:53.5698 TRACE Default in UserMenu userMode input = ()
2019-12-03 14:21:59.3539 TRACE User set new design for (Set the design for white cells and press enter) - O
2019-12-03 14:22:01.0319 TRACE User set new design for (Set the design for black cells and press enter) - K
2019-12-03 14:22:04.0145 TRACE User enter Height = 10
2019-12-03 14:22:04.4440 TRACE User enter Width = 10
2019-12-03 14:22:04.4440 TRACE Try to build ChessBoard From Args Height = (10); Width = (10)
2019-12-03 14:22:04.4660 TRACE Builded
2019-12-03 14:22:11.4621 TRACE User set new design for (Set the design for white cells and press enter) - u
2019-12-03 14:22:12.4186 TRACE User set new design for (Set the design for black cells and press enter) - H
2019-12-03 14:22:17.6779 TRACE User enter Height = 10
2019-12-03 14:22:18.1173 TRACE User enter Width = 10
2019-12-03 14:22:18.1173 TRACE Try to build ChessBoard From Args Height = (10); Width = (10)
2019-12-03 14:22:18.1352 TRACE Builded
2019-12-03 18:16:57.3201 INFO --------------------------------------------------
2019-12-03 18:16:59.1687 TRACE Default in UserMenu userMode input = ()
2019-12-03 18:17:01.7857 TRACE User enter Height = 10
2019-12-03 18:17:02.3025 TRACE User enter Width = 10
2019-12-03 18:17:02.3025 TRACE Try to build ChessBoard From Args Height = (10); Width = (10)
2019-12-03 18:17:02.3025 TRACE Builded
2019-12-03 18:17:07.9806 TRACE User set new design for (Set the design for white cells and press enter) - r
2019-12-03 18:17:08.3657 TRACE User set new design for (Set the design for black cells and press enter) - x
2019-12-03 18:17:11.4170 TRACE User enter Height = 10
2019-12-03 18:17:11.8508 TRACE User enter Width = 10
2019-12-03 18:17:11.8508 TRACE Try to build ChessBoard From Args Height = (10); Width = (10)
2019-12-03 18:17:11.8718 TRACE Builded
2019-12-03 20:11:46.0359 INFO --------------------------------------------------
2019-12-03 20:11:47.6316 TRACE Default in UserMenu userMode input = ()
2019-12-03 20:11:50.6588 TRACE User enter Height = 10
2019-12-03 20:11:51.1599 TRACE User enter Width = 10
2019-12-03 20:11:51.1679 TRACE Try to build ChessBoard From Args Height = (10); Width = (10)
2019-12-03 20:11:51.1679 TRACE Builded
2019-12-03 20:11:53.5761 INFO Exit
2019-12-03 20:13:52.8566 INFO --------------------------------------------------
2019-12-03 20:20:15.5181 INFO --------------------------------------------------
2019-12-03 22:22:07.2232 INFO --------------------------------------------------
2019-12-03 22:55:52.2592 INFO --------------------------------------------------
2019-12-03 22:55:53.2725 TRACE Default in UserMenu userMode input = ()
2019-12-03 22:55:57.9253 TRACE Try to build ChessBoard From Args Height = (10); Width = (10)
2019-12-03 22:55:57.9333 TRACE Builded
2019-12-03 22:55:59.2592 TRACE Default in UserMenu userMode input = ()
2019-12-03 22:56:01.6709 INFO Exit
2019-12-03 23:00:15.6473 INFO --------------------------------------------------
2019-12-03 23:00:15.6752 INFO Start without args
2019-12-03 23:00:16.5633 TRACE Default in UserMenu userMode input = ()
2019-12-03 23:00:51.0004 INFO --------------------------------------------------
2019-12-03 23:00:51.0283 INFO Start without args
2019-12-03 23:01:14.0293 TRACE Try to build ChessBoard From Args Height = (10); Width = (10)
2019-12-03 23:01:14.0383 TRACE Builded
2019-12-03 23:01:31.3603 INFO User set new design for (Set the design for white cells and press enter) - O
2019-12-03 23:01:33.4870 INFO User set new design for (Set the design for black cells and press enter) - X
2019-12-03 23:01:38.6672 TRACE Try to build ChessBoard From Args Height = (10); Width = (10)
2019-12-03 23:01:38.6781 TRACE Builded
2019-12-03 23:01:51.9262 TRACE Default in UserMenu userMode input = ()
